Copyright 1986-2019 Xilinx, Inc. All Rights Reserved.
------------------------------------------------------------------------------------
| Tool Version : Vivado v.2019.2 (win64) Build 2708876 Wed Nov  6 21:40:23 MST 2019
| Date         : Sun Sep 20 14:36:09 2020
| Host         : DESKTOP-GHLJFHM running 64-bit major release  (build 9200)
| Command      : report_control_sets -verbose -file CPU_control_sets_placed.rpt
| Design       : CPU
| Device       : xc7a35t
------------------------------------------------------------------------------------

Control Set Information

Table of Contents
-----------------
1. Summary
2. Histogram
3. Flip-Flop Distribution
4. Detailed Control Set Information

1. Summary
----------

+----------------------------------------------------------+-------+
|                          Status                          | Count |
+----------------------------------------------------------+-------+
| Total control sets                                       |   295 |
|    Minimum number of control sets                        |   295 |
|    Addition due to synthesis replication                 |     0 |
|    Addition due to physical synthesis replication        |     0 |
| Unused register locations in slices containing registers |    29 |
+----------------------------------------------------------+-------+
* Control sets can be merged at opt_design using control_set_merge or merge_equivalent_drivers
** Run report_qor_suggestions for automated merging and remapping suggestions


2. Histogram
------------

+--------------------+-------+
|       Fanout       | Count |
+--------------------+-------+
| Total control sets |   295 |
| >= 0 to < 4        |     1 |
| >= 4 to < 6        |     0 |
| >= 6 to < 8        |     0 |
| >= 8 to < 10       |     1 |
| >= 10 to < 12      |     0 |
| >= 12 to < 14      |     0 |
| >= 14 to < 16      |     1 |
| >= 16              |   292 |
+--------------------+-------+
* Control sets can be remapped at either synth_design or opt_design


3. Flip-Flop Distribution
-------------------------

+--------------+-----------------------+------------------------+-----------------+--------------+
| Clock Enable | Synchronous Set/Reset | Asynchronous Set/Reset | Total Registers | Total Slices |
+--------------+-----------------------+------------------------+-----------------+--------------+
| No           | No                    | No                     |              16 |            6 |
| No           | No                    | Yes                    |             588 |          159 |
| No           | Yes                   | No                     |               0 |            0 |
| Yes          | No                    | No                     |            4096 |         2509 |
| Yes          | No                    | Yes                    |            5319 |         2788 |
| Yes          | Yes                   | No                     |               0 |            0 |
+--------------+-----------------------+------------------------+-----------------+--------------+


4. Detailed Control Set Information
-----------------------------------

+----------------+---------------------------------------+------------------+------------------+----------------+
|  Clock Signal  |             Enable Signal             | Set/Reset Signal | Slice Load Count | Bel Load Count |
+----------------+---------------------------------------+------------------+------------------+----------------+
|  clk_IBUF_BUFG |                                       |                  |                1 |              2 |
|  clk_IBUF_BUFG | clk_num0                              | reset_IBUF       |                2 |              9 |
|  bcd_en        |                                       |                  |                5 |             14 |
|  clk_IBUF_BUFG | data_memory/RAM_data[5][31]_i_1_n_3   |                  |               17 |             32 |
|  clk_IBUF_BUFG | rf/RF_data[10][31]_i_1_n_3            | reset_IBUF       |               18 |             32 |
|  clk_IBUF_BUFG | rf/RF_data[11][31]_i_1_n_3            | reset_IBUF       |               17 |             32 |
|  clk_IBUF_BUFG | rf/RF_data[12][31]_i_1_n_3            | reset_IBUF       |               20 |             32 |
|  clk_IBUF_BUFG | rf/RF_data[15][31]_i_1_n_3            | reset_IBUF       |               16 |             32 |
|  clk_IBUF_BUFG | rf/RF_data                            | reset_IBUF       |               19 |             32 |
|  clk_IBUF_BUFG | rf/RF_data[13][31]_i_1_n_3            | reset_IBUF       |               22 |             32 |
|  clk_IBUF_BUFG | rf/RF_data[14][31]_i_1_n_3            | reset_IBUF       |               21 |             32 |
|  clk_IBUF_BUFG | rf/RF_data[17][31]_i_1_n_3            | reset_IBUF       |               19 |             32 |
|  clk_IBUF_BUFG | rf/RF_data[18][31]_i_1_n_3            | reset_IBUF       |               17 |             32 |
|  clk_IBUF_BUFG | rf/RF_data[19][31]_i_1_n_3            | reset_IBUF       |               16 |             32 |
|  clk_IBUF_BUFG | rf/RF_data[1][31]_i_1_n_3             | reset_IBUF       |               20 |             32 |
|  clk_IBUF_BUFG | rf/RF_data[16][31]_i_1_n_3            | reset_IBUF       |               16 |             32 |
|  clk_IBUF_BUFG | rf/RF_data[20][31]_i_1_n_3            | reset_IBUF       |               21 |             32 |
|  clk_IBUF_BUFG | rf/RF_data[21][31]_i_1_n_3            | reset_IBUF       |               23 |             32 |
|  clk_IBUF_BUFG | rf/RF_data[22][31]_i_1_n_3            | reset_IBUF       |               20 |             32 |
|  clk_IBUF_BUFG | rf/RF_data[23][31]_i_1_n_3            | reset_IBUF       |               19 |             32 |
|  clk_IBUF_BUFG | rf/RF_data[4][31]_i_1_n_3             | reset_IBUF       |               16 |             32 |
|  clk_IBUF_BUFG | rf/RF_data[5][31]_i_1_n_3             | reset_IBUF       |               17 |             32 |
|  clk_IBUF_BUFG | rf/RF_data[30][31]_i_1_n_3            | reset_IBUF       |               19 |             32 |
|  clk_IBUF_BUFG | rf/RF_data[7][31]_i_1_n_3             | reset_IBUF       |               19 |             32 |
|  clk_IBUF_BUFG | rf/RF_data[25][31]_i_1_n_3            | reset_IBUF       |               25 |             32 |
|  clk_IBUF_BUFG | rf/RF_data[28][31]_i_1_n_3            | reset_IBUF       |               21 |             32 |
|  clk_IBUF_BUFG | rf/RF_data[8][31]_i_1_n_3             | reset_IBUF       |               20 |             32 |
|  clk_IBUF_BUFG | rf/RF_data[26][31]_i_1_n_3            | reset_IBUF       |               19 |             32 |
|  clk_IBUF_BUFG | rf/RF_data[6][31]_i_1_n_3             | reset_IBUF       |               13 |             32 |
|  clk_IBUF_BUFG | rf/RF_data[3][31]_i_1_n_3             | reset_IBUF       |               17 |             32 |
|  clk_IBUF_BUFG | rf/RF_data[24][31]_i_1_n_3            | reset_IBUF       |               21 |             32 |
|  clk_IBUF_BUFG | rf/RF_data[9][31]_i_1_n_3             | reset_IBUF       |               19 |             32 |
|  clk_IBUF_BUFG | rf/RF_data[27][31]_i_1_n_3            | reset_IBUF       |               19 |             32 |
|  clk_IBUF_BUFG | rf/RF_data[2][31]_i_1_n_3             | reset_IBUF       |               20 |             32 |
|  clk_IBUF_BUFG | rf/RF_data[29][31]_i_1_n_3            | reset_IBUF       |               19 |             32 |
|  clk_IBUF_BUFG | data_memory/RAM_data[67][31]_i_1_n_3  |                  |               20 |             32 |
|  clk_IBUF_BUFG | PC[31]_i_1_n_3                        | reset_IBUF       |               10 |             32 |
|  clk_IBUF_BUFG | TH0                                   | reset_IBUF       |                6 |             32 |
|  clk_IBUF_BUFG | data_memory/RAM_data[56][31]_i_1_n_3  |                  |               18 |             32 |
|  clk_IBUF_BUFG | data_memory/RAM_data[82][31]_i_1_n_3  |                  |               21 |             32 |
|  clk_IBUF_BUFG | data_memory/RAM_data[81][31]_i_1_n_3  |                  |               19 |             32 |
|  clk_IBUF_BUFG | data_memory/RAM_data[7][31]_i_1_n_3   |                  |               19 |             32 |
|  clk_IBUF_BUFG | data_memory/RAM_data[85][31]_i_1_n_3  |                  |               19 |             32 |
|  clk_IBUF_BUFG | data_memory/RAM_data[91][31]_i_1_n_3  |                  |               22 |             32 |
|  clk_IBUF_BUFG | data_memory/RAM_data[92][31]_i_1_n_3  |                  |               19 |             32 |
|  clk_IBUF_BUFG | data_memory/RAM_data[95][31]_i_1_n_3  |                  |               20 |             32 |
|  clk_IBUF_BUFG | data_memory/RAM_data[72][31]_i_1_n_3  |                  |               20 |             32 |
|  clk_IBUF_BUFG | data_memory/RAM_data[8][31]_i_1_n_3   |                  |               17 |             32 |
|  clk_IBUF_BUFG | data_memory/RAM_data[9][31]_i_1_n_3   |                  |               21 |             32 |
|  clk_IBUF_BUFG | data_memory/RAM_data[87][31]_i_1_n_3  |                  |               19 |             32 |
|  clk_IBUF_BUFG | data_memory/RAM_data[79][31]_i_1_n_3  |                  |               22 |             32 |
|  clk_IBUF_BUFG | data_memory/RAM_data[88][31]_i_1_n_3  |                  |               18 |             32 |
|  clk_IBUF_BUFG | data_memory/RAM_data[80][31]_i_1_n_3  |                  |               20 |             32 |
|  clk_IBUF_BUFG | data_memory/RAM_data[83][31]_i_1_n_3  |                  |               20 |             32 |
|  clk_IBUF_BUFG | data_memory/RAM_data[89][31]_i_1_n_3  |                  |               21 |             32 |
|  clk_IBUF_BUFG | data_memory/RAM_data[96][31]_i_1_n_3  |                  |               16 |             32 |
|  clk_IBUF_BUFG | data_memory/RAM_data[74][31]_i_1_n_3  |                  |               19 |             32 |
|  clk_IBUF_BUFG | data_memory/RAM_data[68][31]_i_1_n_3  |                  |               20 |             32 |
|  clk_IBUF_BUFG | data_memory/RAM_data[69][31]_i_1_n_3  |                  |               22 |             32 |
|  clk_IBUF_BUFG | data_memory/RAM_data[70][31]_i_1_n_3  |                  |               19 |             32 |
|  clk_IBUF_BUFG | data_memory/RAM_data[76][31]_i_1_n_3  |                  |               18 |             32 |
|  clk_IBUF_BUFG | data_memory/RAM_data[78][31]_i_1_n_3  |                  |               22 |             32 |
|  clk_IBUF_BUFG | data_memory/RAM_data[84][31]_i_1_n_3  |                  |               20 |             32 |
|  clk_IBUF_BUFG | data_memory/RAM_data[90][31]_i_1_n_3  |                  |               21 |             32 |
|  clk_IBUF_BUFG | data_memory/RAM_data[6][31]_i_1_n_3   |                  |               21 |             32 |
|  clk_IBUF_BUFG | data_memory/RAM_data[86][31]_i_1_n_3  |                  |               21 |             32 |
|  clk_IBUF_BUFG | data_memory/RAM_data[94][31]_i_1_n_3  |                  |               21 |             32 |
|  clk_IBUF_BUFG | data_memory/RAM_data[71][31]_i_1_n_3  |                  |               20 |             32 |
|  clk_IBUF_BUFG | data_memory/RAM_data[73][31]_i_1_n_3  |                  |               22 |             32 |
|  clk_IBUF_BUFG | data_memory/RAM_data[77][31]_i_1_n_3  |                  |               18 |             32 |
|  clk_IBUF_BUFG | data_memory/RAM_data[75][31]_i_1_n_3  |                  |               20 |             32 |
|  clk_IBUF_BUFG | data_memory/RAM_data[93][31]_i_1_n_3  |                  |               18 |             32 |
|  clk_IBUF_BUFG | data_memory/RAM_data[97][31]_i_1_n_3  |                  |               19 |             32 |
|  clk_IBUF_BUFG | data_memory/RAM_data[98][31]_i_1_n_3  |                  |               17 |             32 |
|  clk_IBUF_BUFG | data_memory/RAM_data[99][31]_i_1_n_3  |                  |               19 |             32 |
|  clk_IBUF_BUFG | data_memory/RAM_data[115][31]_i_1_n_3 |                  |               21 |             32 |
|  clk_IBUF_BUFG | data_memory/RAM_data[101][31]_i_1_n_3 |                  |               20 |             32 |
|  clk_IBUF_BUFG | data_memory/RAM_data[130][31]_i_1_n_3 | reset_IBUF       |               15 |             32 |
|  clk_IBUF_BUFG | data_memory/RAM_data[131][31]_i_1_n_3 | reset_IBUF       |               16 |             32 |
|  clk_IBUF_BUFG | data_memory/RAM_data[132][31]_i_1_n_3 | reset_IBUF       |               17 |             32 |
|  clk_IBUF_BUFG | data_memory/RAM_data[133][31]_i_1_n_3 | reset_IBUF       |               18 |             32 |
|  clk_IBUF_BUFG | data_memory/RAM_data[108][31]_i_1_n_3 |                  |               18 |             32 |
|  clk_IBUF_BUFG | data_memory/RAM_data[134][31]_i_1_n_3 | reset_IBUF       |               17 |             32 |
|  clk_IBUF_BUFG | data_memory/RAM_data[135][31]_i_1_n_3 | reset_IBUF       |               19 |             32 |
|  clk_IBUF_BUFG | data_memory/RAM_data[105][31]_i_1_n_3 |                  |               17 |             32 |
|  clk_IBUF_BUFG | data_memory/RAM_data[109][31]_i_1_n_3 |                  |               19 |             32 |
|  clk_IBUF_BUFG | data_memory/RAM_data[110][31]_i_1_n_3 |                  |               18 |             32 |
|  clk_IBUF_BUFG | data_memory/RAM_data[11][31]_i_1_n_3  |                  |               19 |             32 |
|  clk_IBUF_BUFG | data_memory/RAM_data[122][31]_i_1_n_3 |                  |               18 |             32 |
|  clk_IBUF_BUFG | data_memory/RAM_data[129][31]_i_1_n_3 | reset_IBUF       |               18 |             32 |
|  clk_IBUF_BUFG | data_memory/RAM_data[136][31]_i_1_n_3 | reset_IBUF       |               15 |             32 |
|  clk_IBUF_BUFG | data_memory/RAM_data[137][31]_i_1_n_3 | reset_IBUF       |               18 |             32 |
|  clk_IBUF_BUFG | data_memory/RAM_data[112][31]_i_1_n_3 |                  |               19 |             32 |
|  clk_IBUF_BUFG | data_memory/RAM_data[120][31]_i_1_n_3 |                  |               20 |             32 |
|  clk_IBUF_BUFG | data_memory/RAM_data[0][31]_i_1_n_3   |                  |               20 |             32 |
|  clk_IBUF_BUFG | data_memory/RAM_data[107][31]_i_1_n_3 |                  |               18 |             32 |
|  clk_IBUF_BUFG | data_memory/RAM_data[106][31]_i_1_n_3 |                  |               17 |             32 |
|  clk_IBUF_BUFG | data_memory/RAM_data[116][31]_i_1_n_3 |                  |               20 |             32 |
|  clk_IBUF_BUFG | data_memory/RAM_data[118][31]_i_1_n_3 |                  |               22 |             32 |
|  clk_IBUF_BUFG | data_memory/RAM_data[119][31]_i_1_n_3 |                  |               21 |             32 |
|  clk_IBUF_BUFG | data_memory/RAM_data[117][31]_i_1_n_3 |                  |               20 |             32 |
|  clk_IBUF_BUFG | data_memory/RAM_data[121][31]_i_1_n_3 |                  |               19 |             32 |
|  clk_IBUF_BUFG | data_memory/RAM_data[104][31]_i_1_n_3 |                  |               22 |             32 |
|  clk_IBUF_BUFG | data_memory/RAM_data[113][31]_i_1_n_3 |                  |               21 |             32 |
|  clk_IBUF_BUFG | data_memory/RAM_data[124][31]_i_1_n_3 |                  |               20 |             32 |
|  clk_IBUF_BUFG | data_memory/RAM_data[10][31]_i_1_n_3  |                  |               18 |             32 |
|  clk_IBUF_BUFG | data_memory/RAM_data[123][31]_i_1_n_3 |                  |               20 |             32 |
|  clk_IBUF_BUFG | data_memory/RAM_data[102][31]_i_1_n_3 |                  |               21 |             32 |
|  clk_IBUF_BUFG | data_memory/RAM_data[103][31]_i_1_n_3 |                  |               20 |             32 |
|  clk_IBUF_BUFG | data_memory/RAM_data[125][31]_i_1_n_3 |                  |               20 |             32 |
|  clk_IBUF_BUFG | data_memory/RAM_data[126][31]_i_1_n_3 |                  |               20 |             32 |
|  clk_IBUF_BUFG | data_memory/RAM_data[127][31]_i_1_n_3 |                  |               19 |             32 |
|  clk_IBUF_BUFG | data_memory/RAM_data[111][31]_i_1_n_3 |                  |               19 |             32 |
|  clk_IBUF_BUFG | data_memory/RAM_data[128][31]_i_1_n_3 | reset_IBUF       |               16 |             32 |
|  clk_IBUF_BUFG | data_memory/RAM_data[12][31]_i_1_n_3  |                  |               19 |             32 |
|  clk_IBUF_BUFG | data_memory/RAM_data[100][31]_i_1_n_3 |                  |               18 |             32 |
|  clk_IBUF_BUFG | data_memory/RAM_data[114][31]_i_1_n_3 |                  |               19 |             32 |
|  clk_IBUF_BUFG | data_memory/RAM_data[14][31]_i_1_n_3  |                  |               20 |             32 |
|  clk_IBUF_BUFG | data_memory/RAM_data[173][31]_i_1_n_3 | reset_IBUF       |               17 |             32 |
|  clk_IBUF_BUFG | data_memory/RAM_data[139][31]_i_1_n_3 | reset_IBUF       |               19 |             32 |
|  clk_IBUF_BUFG | data_memory/RAM_data[145][31]_i_1_n_3 | reset_IBUF       |               14 |             32 |
|  clk_IBUF_BUFG | data_memory/RAM_data[149][31]_i_1_n_3 | reset_IBUF       |               12 |             32 |
|  clk_IBUF_BUFG | data_memory/RAM_data[163][31]_i_1_n_3 | reset_IBUF       |               20 |             32 |
|  clk_IBUF_BUFG | data_memory/RAM_data[168][31]_i_1_n_3 | reset_IBUF       |               21 |             32 |
|  clk_IBUF_BUFG | data_memory/RAM_data[174][31]_i_1_n_3 | reset_IBUF       |               18 |             32 |
|  clk_IBUF_BUFG | data_memory/RAM_data[154][31]_i_1_n_3 | reset_IBUF       |               15 |             32 |
|  clk_IBUF_BUFG | data_memory/RAM_data[175][31]_i_1_n_3 | reset_IBUF       |               18 |             32 |
|  clk_IBUF_BUFG | data_memory/RAM_data[158][31]_i_1_n_3 | reset_IBUF       |               15 |             32 |
|  clk_IBUF_BUFG | data_memory/RAM_data[161][31]_i_1_n_3 | reset_IBUF       |               20 |             32 |
|  clk_IBUF_BUFG | data_memory/RAM_data[176][31]_i_1_n_3 | reset_IBUF       |               19 |             32 |
|  clk_IBUF_BUFG | data_memory/RAM_data[164][31]_i_1_n_3 | reset_IBUF       |               16 |             32 |
|  clk_IBUF_BUFG | data_memory/RAM_data[162][31]_i_1_n_3 | reset_IBUF       |               18 |             32 |
|  clk_IBUF_BUFG | data_memory/RAM_data[13][31]_i_1_n_3  |                  |               20 |             32 |
|  clk_IBUF_BUFG | data_memory/RAM_data[140][31]_i_1_n_3 | reset_IBUF       |               16 |             32 |
|  clk_IBUF_BUFG | data_memory/RAM_data[142][31]_i_1_n_3 | reset_IBUF       |               15 |             32 |
|  clk_IBUF_BUFG | data_memory/RAM_data[143][31]_i_1_n_3 | reset_IBUF       |               13 |             32 |
|  clk_IBUF_BUFG | data_memory/RAM_data[141][31]_i_1_n_3 | reset_IBUF       |               18 |             32 |
|  clk_IBUF_BUFG | data_memory/RAM_data[152][31]_i_1_n_3 | reset_IBUF       |               17 |             32 |
|  clk_IBUF_BUFG | data_memory/RAM_data[15][31]_i_1_n_3  |                  |               17 |             32 |
|  clk_IBUF_BUFG | data_memory/RAM_data[150][31]_i_1_n_3 | reset_IBUF       |               16 |             32 |
|  clk_IBUF_BUFG | data_memory/RAM_data[146][31]_i_1_n_3 | reset_IBUF       |               14 |             32 |
|  clk_IBUF_BUFG | data_memory/RAM_data[153][31]_i_1_n_3 | reset_IBUF       |               14 |             32 |
|  clk_IBUF_BUFG | data_memory/RAM_data[155][31]_i_1_n_3 | reset_IBUF       |               16 |             32 |
|  clk_IBUF_BUFG | data_memory/RAM_data[159][31]_i_1_n_3 | reset_IBUF       |               19 |             32 |
|  clk_IBUF_BUFG | data_memory/RAM_data[160][31]_i_1_n_3 | reset_IBUF       |               17 |             32 |
|  clk_IBUF_BUFG | data_memory/RAM_data[151][31]_i_1_n_3 | reset_IBUF       |               13 |             32 |
|  clk_IBUF_BUFG | data_memory/RAM_data[138][31]_i_1_n_3 | reset_IBUF       |               17 |             32 |
|  clk_IBUF_BUFG | data_memory/RAM_data[165][31]_i_1_n_3 | reset_IBUF       |               19 |             32 |
|  clk_IBUF_BUFG | data_memory/RAM_data[144][31]_i_1_n_3 | reset_IBUF       |               14 |             32 |
|  clk_IBUF_BUFG | data_memory/RAM_data[166][31]_i_1_n_3 | reset_IBUF       |               18 |             32 |
|  clk_IBUF_BUFG | data_memory/RAM_data[147][31]_i_1_n_3 | reset_IBUF       |               12 |             32 |
|  clk_IBUF_BUFG | data_memory/RAM_data[156][31]_i_1_n_3 | reset_IBUF       |               16 |             32 |
|  clk_IBUF_BUFG | data_memory/RAM_data[169][31]_i_1_n_3 | reset_IBUF       |               15 |             32 |
|  clk_IBUF_BUFG | data_memory/RAM_data[16][31]_i_1_n_3  |                  |               23 |             32 |
|  clk_IBUF_BUFG | data_memory/RAM_data[170][31]_i_1_n_3 | reset_IBUF       |               17 |             32 |
|  clk_IBUF_BUFG | data_memory/RAM_data[157][31]_i_1_n_3 | reset_IBUF       |               12 |             32 |
|  clk_IBUF_BUFG | data_memory/RAM_data[167][31]_i_1_n_3 | reset_IBUF       |               17 |             32 |
|  clk_IBUF_BUFG | data_memory/RAM_data[148][31]_i_1_n_3 | reset_IBUF       |               13 |             32 |
|  clk_IBUF_BUFG | data_memory/RAM_data[171][31]_i_1_n_3 | reset_IBUF       |               17 |             32 |
|  clk_IBUF_BUFG | data_memory/RAM_data[172][31]_i_1_n_3 | reset_IBUF       |               18 |             32 |
|  clk_IBUF_BUFG | data_memory/RAM_data[217][31]_i_1_n_3 | reset_IBUF       |               19 |             32 |
|  clk_IBUF_BUFG | data_memory/RAM_data[190][31]_i_1_n_3 | reset_IBUF       |               20 |             32 |
|  clk_IBUF_BUFG | data_memory/RAM_data[189][31]_i_1_n_3 | reset_IBUF       |               24 |             32 |
|  clk_IBUF_BUFG | data_memory/RAM_data[194][31]_i_1_n_3 | reset_IBUF       |               17 |             32 |
|  clk_IBUF_BUFG | data_memory/RAM_data[18][31]_i_1_n_3  |                  |               23 |             32 |
|  clk_IBUF_BUFG | data_memory/RAM_data[197][31]_i_1_n_3 | reset_IBUF       |               16 |             32 |
|  clk_IBUF_BUFG | data_memory/RAM_data[206][31]_i_1_n_3 | reset_IBUF       |               15 |             32 |
|  clk_IBUF_BUFG | data_memory/RAM_data[20][31]_i_1_n_3  |                  |               20 |             32 |
|  clk_IBUF_BUFG | data_memory/RAM_data[210][31]_i_1_n_3 | reset_IBUF       |               19 |             32 |
|  clk_IBUF_BUFG | data_memory/RAM_data[178][31]_i_1_n_3 | reset_IBUF       |               19 |             32 |
|  clk_IBUF_BUFG | data_memory/RAM_data[179][31]_i_1_n_3 | reset_IBUF       |               19 |             32 |
|  clk_IBUF_BUFG | data_memory/RAM_data[183][31]_i_1_n_3 | reset_IBUF       |               22 |             32 |
|  clk_IBUF_BUFG | data_memory/RAM_data[192][31]_i_1_n_3 | reset_IBUF       |               15 |             32 |
|  clk_IBUF_BUFG | data_memory/RAM_data[204][31]_i_1_n_3 | reset_IBUF       |               16 |             32 |
|  clk_IBUF_BUFG | data_memory/RAM_data[181][31]_i_1_n_3 | reset_IBUF       |               22 |             32 |
|  clk_IBUF_BUFG | data_memory/RAM_data[218][31]_i_1_n_3 | reset_IBUF       |               13 |             32 |
|  clk_IBUF_BUFG | data_memory/RAM_data[219][31]_i_1_n_3 | reset_IBUF       |               17 |             32 |
|  clk_IBUF_BUFG | data_memory/RAM_data[200][31]_i_1_n_3 | reset_IBUF       |               18 |             32 |
|  clk_IBUF_BUFG | data_memory/RAM_data[202][31]_i_1_n_3 | reset_IBUF       |               13 |             32 |
|  clk_IBUF_BUFG | data_memory/RAM_data[191][31]_i_1_n_3 | reset_IBUF       |               18 |             32 |
|  clk_IBUF_BUFG | data_memory/RAM_data[1][31]_i_1_n_3   |                  |               20 |             32 |
|  clk_IBUF_BUFG | data_memory/RAM_data[203][31]_i_1_n_3 | reset_IBUF       |               14 |             32 |
|  clk_IBUF_BUFG | data_memory/RAM_data[208][31]_i_1_n_3 | reset_IBUF       |               16 |             32 |
|  clk_IBUF_BUFG | data_memory/RAM_data[180][31]_i_1_n_3 | reset_IBUF       |               21 |             32 |
|  clk_IBUF_BUFG | data_memory/RAM_data[184][31]_i_1_n_3 | reset_IBUF       |               22 |             32 |
|  clk_IBUF_BUFG | data_memory/RAM_data[186][31]_i_1_n_3 | reset_IBUF       |               20 |             32 |
|  clk_IBUF_BUFG | data_memory/RAM_data[188][31]_i_1_n_3 | reset_IBUF       |               22 |             32 |
|  clk_IBUF_BUFG | data_memory/RAM_data[193][31]_i_1_n_3 | reset_IBUF       |               16 |             32 |
|  clk_IBUF_BUFG | data_memory/RAM_data[19][31]_i_1_n_3  |                  |               18 |             32 |
|  clk_IBUF_BUFG | data_memory/RAM_data[201][31]_i_1_n_3 | reset_IBUF       |               17 |             32 |
|  clk_IBUF_BUFG | data_memory/RAM_data[205][31]_i_1_n_3 | reset_IBUF       |               16 |             32 |
|  clk_IBUF_BUFG | data_memory/RAM_data[209][31]_i_1_n_3 | reset_IBUF       |               17 |             32 |
|  clk_IBUF_BUFG | data_memory/RAM_data[211][31]_i_1_n_3 | reset_IBUF       |               17 |             32 |
|  clk_IBUF_BUFG | data_memory/RAM_data[212][31]_i_1_n_3 | reset_IBUF       |               15 |             32 |
|  clk_IBUF_BUFG | data_memory/RAM_data[187][31]_i_1_n_3 | reset_IBUF       |               21 |             32 |
|  clk_IBUF_BUFG | data_memory/RAM_data[196][31]_i_1_n_3 | reset_IBUF       |               12 |             32 |
|  clk_IBUF_BUFG | data_memory/RAM_data[213][31]_i_1_n_3 | reset_IBUF       |               17 |             32 |
|  clk_IBUF_BUFG | data_memory/RAM_data[177][31]_i_1_n_3 | reset_IBUF       |               19 |             32 |
|  clk_IBUF_BUFG | data_memory/RAM_data[199][31]_i_1_n_3 | reset_IBUF       |               13 |             32 |
|  clk_IBUF_BUFG | data_memory/RAM_data[214][31]_i_1_n_3 | reset_IBUF       |               16 |             32 |
|  clk_IBUF_BUFG | data_memory/RAM_data[17][31]_i_1_n_3  |                  |               19 |             32 |
|  clk_IBUF_BUFG | data_memory/RAM_data[198][31]_i_1_n_3 | reset_IBUF       |               14 |             32 |
|  clk_IBUF_BUFG | data_memory/RAM_data[182][31]_i_1_n_3 | reset_IBUF       |               19 |             32 |
|  clk_IBUF_BUFG | data_memory/RAM_data[195][31]_i_1_n_3 | reset_IBUF       |               15 |             32 |
|  clk_IBUF_BUFG | data_memory/RAM_data[185][31]_i_1_n_3 | reset_IBUF       |               19 |             32 |
|  clk_IBUF_BUFG | data_memory/RAM_data[215][31]_i_1_n_3 | reset_IBUF       |               17 |             32 |
|  clk_IBUF_BUFG | data_memory/RAM_data[216][31]_i_1_n_3 | reset_IBUF       |               22 |             32 |
|  clk_IBUF_BUFG | data_memory/RAM_data[207][31]_i_1_n_3 | reset_IBUF       |               14 |             32 |
|  clk_IBUF_BUFG | data_memory/RAM_data[223][31]_i_1_n_3 | reset_IBUF       |               18 |             32 |
|  clk_IBUF_BUFG | data_memory/RAM_data[228][31]_i_1_n_3 | reset_IBUF       |               13 |             32 |
|  clk_IBUF_BUFG | data_memory/RAM_data[226][31]_i_1_n_3 | reset_IBUF       |               20 |             32 |
|  clk_IBUF_BUFG | data_memory/RAM_data[22][31]_i_1_n_3  |                  |               20 |             32 |
|  clk_IBUF_BUFG | data_memory/RAM_data[234][31]_i_1_n_3 | reset_IBUF       |               16 |             32 |
|  clk_IBUF_BUFG | data_memory/RAM_data[240][31]_i_1_n_3 | reset_IBUF       |               17 |             32 |
|  clk_IBUF_BUFG | data_memory/RAM_data[244][31]_i_1_n_3 | reset_IBUF       |               16 |             32 |
|  clk_IBUF_BUFG | data_memory/RAM_data[225][31]_i_1_n_3 | reset_IBUF       |               17 |             32 |
|  clk_IBUF_BUFG | data_memory/RAM_data[243][31]_i_1_n_3 | reset_IBUF       |               18 |             32 |
|  clk_IBUF_BUFG | data_memory/RAM_data[245][31]_i_1_n_3 | reset_IBUF       |               18 |             32 |
|  clk_IBUF_BUFG | data_memory/RAM_data[233][31]_i_1_n_3 | reset_IBUF       |               15 |             32 |
|  clk_IBUF_BUFG | data_memory/RAM_data[241][31]_i_1_n_3 | reset_IBUF       |               15 |             32 |
|  clk_IBUF_BUFG | data_memory/RAM_data[248][31]_i_1_n_3 | reset_IBUF       |               14 |             32 |
|  clk_IBUF_BUFG | data_memory/RAM_data[236][31]_i_1_n_3 | reset_IBUF       |               19 |             32 |
|  clk_IBUF_BUFG | data_memory/RAM_data[237][31]_i_1_n_3 | reset_IBUF       |               13 |             32 |
|  clk_IBUF_BUFG | data_memory/RAM_data[242][31]_i_1_n_3 | reset_IBUF       |               16 |             32 |
|  clk_IBUF_BUFG | data_memory/RAM_data[229][31]_i_1_n_3 | reset_IBUF       |               16 |             32 |
|  clk_IBUF_BUFG | data_memory/RAM_data[238][31]_i_1_n_3 | reset_IBUF       |               12 |             32 |
|  clk_IBUF_BUFG | data_memory/RAM_data[232][31]_i_1_n_3 | reset_IBUF       |               18 |             32 |
|  clk_IBUF_BUFG | data_memory/RAM_data[246][31]_i_1_n_3 | reset_IBUF       |               15 |             32 |
|  clk_IBUF_BUFG | data_memory/RAM_data[220][31]_i_1_n_3 | reset_IBUF       |               18 |             32 |
|  clk_IBUF_BUFG | data_memory/RAM_data[230][31]_i_1_n_3 | reset_IBUF       |               20 |             32 |
|  clk_IBUF_BUFG | data_memory/RAM_data[239][31]_i_1_n_3 | reset_IBUF       |               16 |             32 |
|  clk_IBUF_BUFG | data_memory/RAM_data[231][31]_i_1_n_3 | reset_IBUF       |               18 |             32 |
|  clk_IBUF_BUFG | data_memory/RAM_data[224][31]_i_1_n_3 | reset_IBUF       |               16 |             32 |
|  clk_IBUF_BUFG | data_memory/RAM_data[249][31]_i_1_n_3 | reset_IBUF       |               17 |             32 |
|  clk_IBUF_BUFG | data_memory/RAM_data[24][31]_i_1_n_3  |                  |               22 |             32 |
|  clk_IBUF_BUFG | data_memory/RAM_data[221][31]_i_1_n_3 | reset_IBUF       |               13 |             32 |
|  clk_IBUF_BUFG | data_memory/RAM_data[250][31]_i_1_n_3 | reset_IBUF       |               14 |             32 |
|  clk_IBUF_BUFG | data_memory/RAM_data[247][31]_i_1_n_3 | reset_IBUF       |               19 |             32 |
|  clk_IBUF_BUFG | data_memory/RAM_data[251][31]_i_1_n_3 | reset_IBUF       |               17 |             32 |
|  clk_IBUF_BUFG | data_memory/RAM_data[222][31]_i_1_n_3 | reset_IBUF       |               18 |             32 |
|  clk_IBUF_BUFG | data_memory/RAM_data[227][31]_i_1_n_3 | reset_IBUF       |               18 |             32 |
|  clk_IBUF_BUFG | data_memory/RAM_data[23][31]_i_1_n_3  |                  |               21 |             32 |
|  clk_IBUF_BUFG | data_memory/RAM_data[21][31]_i_1_n_3  |                  |               19 |             32 |
|  clk_IBUF_BUFG | data_memory/RAM_data[235][31]_i_1_n_3 | reset_IBUF       |               18 |             32 |
|  clk_IBUF_BUFG | data_memory/RAM_data[36][31]_i_1_n_3  |                  |               20 |             32 |
|  clk_IBUF_BUFG | data_memory/RAM_data[25][31]_i_1_n_3  |                  |               23 |             32 |
|  clk_IBUF_BUFG | data_memory/RAM_data[38][31]_i_1_n_3  |                  |               21 |             32 |
|  clk_IBUF_BUFG | data_memory/RAM_data[45][31]_i_1_n_3  |                  |               18 |             32 |
|  clk_IBUF_BUFG | data_memory/RAM_data[48][31]_i_1_n_3  |                  |               19 |             32 |
|  clk_IBUF_BUFG | data_memory/RAM_data[51][31]_i_1_n_3  |                  |               18 |             32 |
|  clk_IBUF_BUFG | data_memory/RAM_data[46][31]_i_1_n_3  |                  |               19 |             32 |
|  clk_IBUF_BUFG | data_memory/RAM_data[52][31]_i_1_n_3  |                  |               17 |             32 |
|  clk_IBUF_BUFG | data_memory/RAM_data[255][31]_i_1_n_3 | reset_IBUF       |               19 |             32 |
|  clk_IBUF_BUFG | data_memory/RAM_data[41][31]_i_1_n_3  |                  |               20 |             32 |
|  clk_IBUF_BUFG | data_memory/RAM_data[53][31]_i_1_n_3  |                  |               20 |             32 |
|  clk_IBUF_BUFG | data_memory/RAM_data[27][31]_i_1_n_3  |                  |               20 |             32 |
|  clk_IBUF_BUFG | data_memory/RAM_data[35][31]_i_1_n_3  |                  |               20 |             32 |
|  clk_IBUF_BUFG | data_memory/RAM_data[54][31]_i_1_n_3  |                  |               16 |             32 |
|  clk_IBUF_BUFG | data_memory/RAM_data[253][31]_i_1_n_3 | reset_IBUF       |               14 |             32 |
|  clk_IBUF_BUFG | data_memory/RAM_data[28][31]_i_1_n_3  |                  |               20 |             32 |
|  clk_IBUF_BUFG | data_memory/RAM_data[29][31]_i_1_n_3  |                  |               19 |             32 |
|  clk_IBUF_BUFG | data_memory/RAM_data[2][31]_i_1_n_3   |                  |               20 |             32 |
|  clk_IBUF_BUFG | data_memory/RAM_data[33][31]_i_1_n_3  |                  |               20 |             32 |
|  clk_IBUF_BUFG | data_memory/RAM_data[31][31]_i_1_n_3  |                  |               19 |             32 |
|  clk_IBUF_BUFG | data_memory/RAM_data[3][31]_i_1_n_3   |                  |               22 |             32 |
|  clk_IBUF_BUFG | data_memory/RAM_data[40][31]_i_1_n_3  |                  |               21 |             32 |
|  clk_IBUF_BUFG | data_memory/RAM_data[39][31]_i_1_n_3  |                  |               21 |             32 |
|  clk_IBUF_BUFG | data_memory/RAM_data[254][31]_i_1_n_3 | reset_IBUF       |               16 |             32 |
|  clk_IBUF_BUFG | data_memory/RAM_data[32][31]_i_1_n_3  |                  |               19 |             32 |
|  clk_IBUF_BUFG | data_memory/RAM_data[34][31]_i_1_n_3  |                  |               22 |             32 |
|  clk_IBUF_BUFG | data_memory/RAM_data[37][31]_i_1_n_3  |                  |               20 |             32 |
|  clk_IBUF_BUFG | data_memory/RAM_data[42][31]_i_1_n_3  |                  |               20 |             32 |
|  clk_IBUF_BUFG | data_memory/RAM_data[252][31]_i_1_n_3 | reset_IBUF       |               15 |             32 |
|  clk_IBUF_BUFG | data_memory/RAM_data[43][31]_i_1_n_3  |                  |               21 |             32 |
|  clk_IBUF_BUFG | data_memory/RAM_data[26][31]_i_1_n_3  |                  |               18 |             32 |
|  clk_IBUF_BUFG | data_memory/RAM_data[44][31]_i_1_n_3  |                  |               22 |             32 |
|  clk_IBUF_BUFG | data_memory/RAM_data[30][31]_i_1_n_3  |                  |               18 |             32 |
|  clk_IBUF_BUFG | data_memory/RAM_data[47][31]_i_1_n_3  |                  |               20 |             32 |
|  clk_IBUF_BUFG | data_memory/RAM_data[49][31]_i_1_n_3  |                  |               18 |             32 |
|  clk_IBUF_BUFG | data_memory/RAM_data[4][31]_i_1_n_3   |                  |               21 |             32 |
|  clk_IBUF_BUFG | data_memory/RAM_data[50][31]_i_1_n_3  |                  |               18 |             32 |
|  clk_IBUF_BUFG | data_memory/RAM_data[59][31]_i_1_n_3  |                  |               21 |             32 |
|  clk_IBUF_BUFG | data_memory/RAM_data[57][31]_i_1_n_3  |                  |               18 |             32 |
|  clk_IBUF_BUFG | data_memory/RAM_data[63][31]_i_1_n_3  |                  |               17 |             32 |
|  clk_IBUF_BUFG | data_memory/RAM_data[55][31]_i_1_n_3  |                  |               19 |             32 |
|  clk_IBUF_BUFG | data_memory/RAM_data[64][31]_i_1_n_3  |                  |               19 |             32 |
|  clk_IBUF_BUFG | data_memory/RAM_data[58][31]_i_1_n_3  |                  |               21 |             32 |
|  clk_IBUF_BUFG | data_memory/RAM_data[60][31]_i_1_n_3  |                  |               15 |             32 |
|  clk_IBUF_BUFG | data_memory/RAM_data[62][31]_i_1_n_3  |                  |               17 |             32 |
|  clk_IBUF_BUFG | data_memory/RAM_data[65][31]_i_1_n_3  |                  |               21 |             32 |
|  clk_IBUF_BUFG | data_memory/RAM_data[61][31]_i_1_n_3  |                  |               19 |             32 |
|  clk_IBUF_BUFG | data_memory/RAM_data[66][31]_i_1_n_3  |                  |               23 |             32 |
|  clk_IBUF_BUFG | p_1_in                                | reset_IBUF       |                6 |             33 |
|  clk_IBUF_BUFG | IF_ID_PC[31]_i_1_n_3                  | reset_IBUF       |               27 |            125 |
|  clk_IBUF_BUFG |                                       | reset_IBUF       |              159 |            588 |
+----------------+---------------------------------------+------------------+------------------+----------------+


