Copyright 1986-2019 Xilinx, Inc. All Rights Reserved.
-----------------------------------------------------------------------------------------------------------------------------------------------
| Tool Version : Vivado v.2019.2 (win64) Build 2708876 Wed Nov  6 21:40:23 MST 2019
| Date         : Sun Sep 20 11:10:23 2020
| Host         : DESKTOP-GHLJFHM running 64-bit major release  (build 9200)
| Command      : report_methodology -file CPU_methodology_drc_routed.rpt -pb CPU_methodology_drc_routed.pb -rpx CPU_methodology_drc_routed.rpx
| Design       : CPU
| Device       : xc7a35tcsg324-1
| Speed File   : -1
| Design State : Fully Routed
-----------------------------------------------------------------------------------------------------------------------------------------------

Report Methodology

Table of Contents
-----------------
1. REPORT SUMMARY
2. REPORT DETAILS

1. REPORT SUMMARY
-----------------
            Netlist: netlist
          Floorplan: design_1
      Design limits: <entire design considered>
             Max violations: <unlimited>
             Violations found: 15
+-----------+----------+-------------------------------+------------+
| Rule      | Severity | Description                   | Violations |
+-----------+----------+-------------------------------+------------+
| TIMING-18 | Warning  | Missing input or output delay | 1          |
| TIMING-20 | Warning  | Non-clocked latch             | 14         |
+-----------+----------+-------------------------------+------------+

2. REPORT DETAILS
-----------------
TIMING-18#1 Warning
Missing input or output delay  
An input delay is missing on reset relative to clock(s) CLK
Related violations: <none>

TIMING-20#1 Warning
Non-clocked latch  
The latch bcd7/AN_reg[0] cannot be properly analyzed as its control pin bcd7/AN_reg[0]/G is not reached by a timing clock
Related violations: <none>

TIMING-20#2 Warning
Non-clocked latch  
The latch bcd7/AN_reg[1] cannot be properly analyzed as its control pin bcd7/AN_reg[1]/G is not reached by a timing clock
Related violations: <none>

TIMING-20#3 Warning
Non-clocked latch  
The latch bcd7/AN_reg[2] cannot be properly analyzed as its control pin bcd7/AN_reg[2]/G is not reached by a timing clock
Related violations: <none>

TIMING-20#4 Warning
Non-clocked latch  
The latch bcd7/AN_reg[3] cannot be properly analyzed as its control pin bcd7/AN_reg[3]/G is not reached by a timing clock
Related violations: <none>

TIMING-20#5 Warning
Non-clocked latch  
The latch bcd7/FSM_sequential_n_state_reg[0] cannot be properly analyzed as its control pin bcd7/FSM_sequential_n_state_reg[0]/G is not reached by a timing clock
Related violations: <none>

TIMING-20#6 Warning
Non-clocked latch  
The latch bcd7/FSM_sequential_n_state_reg[1] cannot be properly analyzed as its control pin bcd7/FSM_sequential_n_state_reg[1]/G is not reached by a timing clock
Related violations: <none>

TIMING-20#7 Warning
Non-clocked latch  
The latch bcd7/douttemp_reg[0] cannot be properly analyzed as its control pin bcd7/douttemp_reg[0]/G is not reached by a timing clock
Related violations: <none>

TIMING-20#8 Warning
Non-clocked latch  
The latch bcd7/douttemp_reg[1] cannot be properly analyzed as its control pin bcd7/douttemp_reg[1]/G is not reached by a timing clock
Related violations: <none>

TIMING-20#9 Warning
Non-clocked latch  
The latch bcd7/douttemp_reg[2] cannot be properly analyzed as its control pin bcd7/douttemp_reg[2]/G is not reached by a timing clock
Related violations: <none>

TIMING-20#10 Warning
Non-clocked latch  
The latch bcd7/douttemp_reg[3] cannot be properly analyzed as its control pin bcd7/douttemp_reg[3]/G is not reached by a timing clock
Related violations: <none>

TIMING-20#11 Warning
Non-clocked latch  
The latch bcd7/douttemp_reg[4] cannot be properly analyzed as its control pin bcd7/douttemp_reg[4]/G is not reached by a timing clock
Related violations: <none>

TIMING-20#12 Warning
Non-clocked latch  
The latch bcd7/douttemp_reg[5] cannot be properly analyzed as its control pin bcd7/douttemp_reg[5]/G is not reached by a timing clock
Related violations: <none>

TIMING-20#13 Warning
Non-clocked latch  
The latch bcd7/douttemp_reg[6] cannot be properly analyzed as its control pin bcd7/douttemp_reg[6]/G is not reached by a timing clock
Related violations: <none>

TIMING-20#14 Warning
Non-clocked latch  
The latch bcd7/douttemp_reg[7] cannot be properly analyzed as its control pin bcd7/douttemp_reg[7]/G is not reached by a timing clock
Related violations: <none>


