INFO: [VRFC 10-2263] Analyzing Verilog file "C:/Users/hp/Desktop/project_1/project_1.srcs/sources_1/new/ALU.v" into library xil_defaultlib
INFO: [VRFC 10-311] analyzing module ALU
INFO: [VRFC 10-2263] Analyzing Verilog file "C:/Users/hp/Desktop/project_1/project_1.srcs/sources_1/new/ALUControl.v" into library xil_defaultlib
INFO: [VRFC 10-311] analyzing module ALUControl
INFO: [VRFC 10-2263] Analyzing Verilog file "C:/Users/hp/Desktop/project_1/project_1.srcs/sources_1/new/BranchCtrl.v" into library xil_defaultlib
INFO: [VRFC 10-311] analyzing module BranchCtrl
INFO: [VRFC 10-2263] Analyzing Verilog file "C:/Users/hp/Desktop/project_1/project_1.srcs/sources_1/new/CPU.v" into library xil_defaultlib
INFO: [VRFC 10-311] analyzing module CPU
INFO: [VRFC 10-2458] undeclared symbol Exception, assumed default net type wire [C:/Users/hp/Desktop/project_1/project_1.srcs/sources_1/new/CPU.v:112]
INFO: [VRFC 10-2458] undeclared symbol EXForward, assumed default net type wire [C:/Users/hp/Desktop/project_1/project_1.srcs/sources_1/new/CPU.v:292]
INFO: [VRFC 10-2263] Analyzing Verilog file "C:/Users/hp/Desktop/project_1/project_1.srcs/sources_1/new/Control.v" into library xil_defaultlib
INFO: [VRFC 10-311] analyzing module Control
INFO: [VRFC 10-2263] Analyzing Verilog file "C:/Users/hp/Desktop/project_1/project_1.srcs/sources_1/new/DataMemory.v" into library xil_defaultlib
INFO: [VRFC 10-311] analyzing module DataMemory
INFO: [VRFC 10-2263] Analyzing Verilog file "C:/Users/hp/Desktop/project_1/project_1.srcs/sources_1/new/EX_forward.v" into library xil_defaultlib
INFO: [VRFC 10-311] analyzing module EX_forward
INFO: [VRFC 10-2263] Analyzing Verilog file "C:/Users/hp/Desktop/project_1/project_1.srcs/sources_1/new/IDforward.v" into library xil_defaultlib
INFO: [VRFC 10-311] analyzing module IDforward
INFO: [VRFC 10-2263] Analyzing Verilog file "C:/Users/hp/Desktop/project_1/project_1.srcs/sources_1/new/InstrucitonMemory.v" into library xil_defaultlib
INFO: [VRFC 10-311] analyzing module InstructionMemory
INFO: [VRFC 10-2263] Analyzing Verilog file "C:/Users/hp/Desktop/project_1/project_1.srcs/sources_1/new/RegisterFile.v" into library xil_defaultlib
INFO: [VRFC 10-311] analyzing module RegisterFile
INFO: [VRFC 10-2263] Analyzing Verilog file "C:/Users/hp/Desktop/project_1/project_1.srcs/sources_1/new/loadanduse.v" into library xil_defaultlib
INFO: [VRFC 10-311] analyzing module LoadAndUse
INFO: [VRFC 10-2263] Analyzing Verilog file "C:/Users/hp/Desktop/project_1/project_1.srcs/sim_1/new/cpu_tb.v" into library xil_defaultlib
INFO: [VRFC 10-311] analyzing module cpu_tb
